0 info it worked if it ends with ok
1 verbose cli [ 'node', '/usr/local/bin/npm', 'install', 'fs', '--save' ]
2 info using npm@1.4.10
3 info using node@v0.10.28
4 verbose node symlink /usr/local/bin/node
5 warn package.json path@0.4.9 path is also the name of a node core module.
6 verbose readDependencies using package.json deps
7 verbose cache add [ 'fs', null ]
8 verbose cache add name=undefined spec="fs" args=["fs",null]
9 verbose parsed url { protocol: null,
9 verbose parsed url   slashes: null,
9 verbose parsed url   auth: null,
9 verbose parsed url   host: null,
9 verbose parsed url   port: null,
9 verbose parsed url   hostname: null,
9 verbose parsed url   hash: null,
9 verbose parsed url   search: null,
9 verbose parsed url   query: null,
9 verbose parsed url   pathname: 'fs',
9 verbose parsed url   path: 'fs',
9 verbose parsed url   href: 'fs' }
10 silly lockFile 3f4bb586-fs fs
11 verbose lock fs /Users/slawek/.npm/3f4bb586-fs.lock
12 silly lockFile 3f4bb586-fs fs
13 silly lockFile 3f4bb586-fs fs
14 verbose addNamed [ 'fs', '' ]
15 verbose addNamed [ null, '*' ]
16 silly lockFile a107b96b-fs fs@
17 verbose lock fs@ /Users/slawek/.npm/a107b96b-fs.lock
18 silly addNameRange { name: 'fs', range: '*', hasData: false }
19 verbose url raw fs
20 verbose url resolving [ 'https://registry.npmjs.org/', './fs' ]
21 verbose url resolved https://registry.npmjs.org/fs
22 info trying registry request attempt 1 at 23:49:36
23 http GET https://registry.npmjs.org/fs
24 http 404 https://registry.npmjs.org/fs
25 verbose headers { date: 'Wed, 21 May 2014 21:49:36 GMT',
25 verbose headers   server: 'CouchDB/1.5.0 (Erlang OTP/R14B04)',
25 verbose headers   'content-type': 'application/json',
25 verbose headers   via: '1.1 varnish',
25 verbose headers   'cache-control': 'max-age=0',
25 verbose headers   'content-length': '52',
25 verbose headers   'accept-ranges': 'bytes',
25 verbose headers   age: '0',
25 verbose headers   'x-served-by': 'cache-v43-ASH, cache-am76-AMS',
25 verbose headers   'x-cache': 'MISS, MISS',
25 verbose headers   'x-cache-hits': '0, 0',
25 verbose headers   'x-timer': 'S1400708976.534351110,VS0,VS49,VE140,VE180',
25 verbose headers   'keep-alive': 'timeout=10, max=50',
25 verbose headers   connection: 'Keep-Alive' }
26 silly registry.get cb [ 404,
26 silly registry.get   { date: 'Wed, 21 May 2014 21:49:36 GMT',
26 silly registry.get     server: 'CouchDB/1.5.0 (Erlang OTP/R14B04)',
26 silly registry.get     'content-type': 'application/json',
26 silly registry.get     via: '1.1 varnish',
26 silly registry.get     'cache-control': 'max-age=0',
26 silly registry.get     'content-length': '52',
26 silly registry.get     'accept-ranges': 'bytes',
26 silly registry.get     age: '0',
26 silly registry.get     'x-served-by': 'cache-v43-ASH, cache-am76-AMS',
26 silly registry.get     'x-cache': 'MISS, MISS',
26 silly registry.get     'x-cache-hits': '0, 0',
26 silly registry.get     'x-timer': 'S1400708976.534351110,VS0,VS49,VE140,VE180',
26 silly registry.get     'keep-alive': 'timeout=10, max=50',
26 silly registry.get     connection: 'Keep-Alive' } ]
27 silly lockFile a107b96b-fs fs@
28 silly lockFile a107b96b-fs fs@
29 error 404 404 Not Found: fs
29 error 404
29 error 404 'fs' is not in the npm registry.
29 error 404 You should bug the author to publish it
29 error 404 It was specified as a dependency of 'hackathon-dashboard'
29 error 404
29 error 404 Note that you can also install from a
29 error 404 tarball, folder, or http url, or git url.
30 error System Darwin 13.1.0
31 error command "node" "/usr/local/bin/npm" "install" "fs" "--save"
32 error cwd /Users/slawek/projekty/hackathon-dashboard
33 error node -v v0.10.28
34 error npm -v 1.4.10
35 error code E404
36 verbose exit [ 1, true ]
